<?xml version="1.0" encoding="utf-8"?><testsuites name="pytest tests"><testsuite name="pytest" errors="0" failures="0" skipped="0" tests="10" time="5.144" timestamp="2026-06-30T09:23:56.071842+00:00" hostname="agent-env-4d9b1fb0-d061-4117-b9cd-dd63735d3996"><testcase classname="backend.tests.test_iter9_no_credentials_regression" name="test_login_success" time="0.504" /><testcase classname="backend.tests.test_iter9_no_credentials_regression" name="test_login_bad_password_rejected" time="0.353" /><testcase classname="backend.tests.test_iter9_no_credentials_regression" name="test_auth_me_with_bearer" time="0.451" /><testcase classname="backend.tests.test_iter9_no_credentials_regression" name="test_auth_me_without_bearer_rejected" time="0.098" /><testcase classname="backend.tests.test_iter9_no_credentials_regression" name="test_children_list" time="0.100" /><testcase classname="backend.tests.test_iter9_no_credentials_regression" name="test_parent_pin_verify_and_overview" time="0.627" /><testcase classname="backend.tests.test_iter9_no_credentials_regression" name="test_chat_streaming_returns_text" time="1.935" /><testcase classname="backend.tests.test_iter9_no_credentials_regression" name="test_chat_history_persisted" time="0.147" /><testcase classname="backend.tests.test_iter9_no_credentials_regression" name="test_tts_returns_audio" time="0.753" /><testcase classname="backend.tests.test_iter9_no_credentials_regression" name="test_tts_unauthenticated_rejected" time="0.095" /></testsuite></testsuites>