<?xml version="1.0" encoding="utf-8"?><testsuites name="pytest tests"><testsuite name="pytest" errors="0" failures="0" skipped="0" tests="4" time="4.945" timestamp="2026-06-21T05:10:03.015569+00:00" hostname="agent-env-4d9b1fb0-d061-4117-b9cd-dd63735d3996"><testcase classname="tests.test_iter7_regression" name="test_public_privacy_terms_pages" time="0.278" /><testcase classname="tests.test_iter7_regression" name="test_overview_shape_and_unread_alerts" time="0.497" /><testcase classname="tests.test_iter7_regression" name="test_parent_alerts_endpoint_returns_list" time="0.043" /><testcase classname="tests.test_iter7_regression" name="test_safety_monitor_creates_parent_alert_on_alarming_chat" time="4.065" /></testsuite></testsuites>