<?xml version="1.0" encoding="utf-8"?><testsuites name="pytest tests"><testsuite name="pytest" errors="0" failures="0" skipped="0" tests="22" time="16.924" timestamp="2026-06-21T05:09:10.703684+00:00" hostname="agent-env-4d9b1fb0-d061-4117-b9cd-dd63735d3996"><testcase classname="tests.test_brighterdayz_api.TestAuth" name="test_login_demo" time="0.402" /><testcase classname="tests.test_brighterdayz_api.TestAuth" name="test_login_wrong_password" time="0.323" /><testcase classname="tests.test_brighterdayz_api.TestAuth" name="test_me_requires_auth" time="0.094" /><testcase classname="tests.test_brighterdayz_api.TestAuth" name="test_register_then_me" time="0.421" /><testcase classname="tests.test_brighterdayz_api.TestAuth" name="test_register_duplicate" time="0.132" /><testcase classname="tests.test_brighterdayz_api.TestDaily" name="test_daily_public" time="0.090" /><testcase classname="tests.test_brighterdayz_api.TestChildren" name="test_create_and_list" time="0.104" /><testcase classname="tests.test_brighterdayz_api.TestChildren" name="test_get_child" time="0.047" /><testcase classname="tests.test_brighterdayz_api.TestChildren" name="test_other_parent_cannot_access" time="0.353" /><testcase classname="tests.test_brighterdayz_api.TestMoods" name="test_log_mood_awards_stars" time="0.100" /><testcase classname="tests.test_brighterdayz_api.TestMoods" name="test_list_moods" time="0.099" /><testcase classname="tests.test_brighterdayz_api.TestActivities" name="test_log_activity" time="0.052" /><testcase classname="tests.test_brighterdayz_api.TestActivities" name="test_list_activities" time="0.049" /><testcase classname="tests.test_brighterdayz_api.TestActivities" name="test_rewards" time="0.048" /><testcase classname="tests.test_brighterdayz_api.TestAffirmation" name="test_generate" time="1.686" /><testcase classname="tests.test_brighterdayz_api.TestStory" name="test_generate_biblical_and_save" time="8.159" /><testcase classname="tests.test_brighterdayz_api.TestChat" name="test_chat_stream_and_history" time="2.858" /><testcase classname="tests.test_brighterdayz_api.TestTTS" name="test_tts_basic" time="1.424" /><testcase classname="tests.test_brighterdayz_api.TestTTS" name="test_tts_empty_text" time="0.052" /><testcase classname="tests.test_brighterdayz_api.TestParentOverview" name="test_overview" time="0.054" /><testcase classname="tests.test_brighterdayz_api.TestAuthorization" name="test_unauth_endpoints" time="0.207" /><testcase classname="tests.test_brighterdayz_api.TestAuthorization" name="test_cannot_post_mood_for_other_parent_child" time="0.094" /></testsuite></testsuites>