<?xml version="1.0" encoding="utf-8"?><testsuites name="pytest tests"><testsuite name="pytest" errors="0" failures="0" skipped="0" tests="4" time="2.208" timestamp="2026-06-29T22:16:58.352858+00:00" hostname="agent-env-4d9b1fb0-d061-4117-b9cd-dd63735d3996"><testcase classname="backend.tests.test_voice_clone.TestAppVoice" name="test_get_app_voice_as_owner" time="0.532" /><testcase classname="backend.tests.test_voice_clone.TestTTSCloneSource" name="test_tts_returns_clone_source" time="0.818" /><testcase classname="backend.tests.test_voice_clone.TestTTSCloneSource" name="test_tts_short_text" time="0.575" /><testcase classname="backend.tests.test_voice_clone.TestTTSCloneSource" name="test_tts_unauthenticated_rejected" time="0.164" /></testsuite></testsuites>