<?xml version="1.0" encoding="utf-8"?><testsuites name="pytest tests"><testsuite name="pytest" errors="0" failures="0" skipped="0" tests="11" time="3.674" timestamp="2026-06-21T02:03:08.097708+00:00" hostname="agent-env-4d9b1fb0-d061-4117-b9cd-dd63735d3996"><testcase classname="backend.tests.test_auth_roles_pin.TestTeenRegister" name="test_teen_under_13_blocked" time="0.234" /><testcase classname="backend.tests.test_auth_roles_pin.TestTeenRegister" name="test_teen_13_plus_creates_account_and_child" time="0.529" /><testcase classname="backend.tests.test_auth_roles_pin.TestTeenRegister" name="test_teen_age_missing_blocked" time="0.095" /><testcase classname="backend.tests.test_auth_roles_pin.TestPinDemoParent" name="test_login_returns_token_and_has_pin_field" time="0.352" /><testcase classname="backend.tests.test_auth_roles_pin.TestPinDemoParent" name="test_ensure_demo_pin_is_2468" time="0.769" /><testcase classname="backend.tests.test_auth_roles_pin.TestPinDemoParent" name="test_verify_pin_correct" time="0.321" /><testcase classname="backend.tests.test_auth_roles_pin.TestPinDemoParent" name="test_verify_pin_wrong" time="0.315" /><testcase classname="backend.tests.test_auth_roles_pin.TestPinDemoParent" name="test_set_pin_invalid" time="0.353" /><testcase classname="backend.tests.test_auth_roles_pin.TestFreshParentNoPin" name="test_register_parent_no_pin" time="0.452" /><testcase classname="backend.tests.test_auth_roles_pin.TestBearerAuth" name="test_set_pin_unauth" time="0.090" /><testcase classname="backend.tests.test_auth_roles_pin.TestBearerAuth" name="test_verify_pin_unauth" time="0.094" /></testsuite></testsuites>