<?xml version="1.0" encoding="utf-8"?><testsuites name="pytest tests"><testsuite name="pytest" errors="0" failures="0" skipped="0" tests="22" time="17.945" timestamp="2026-06-21T00:00:33.881387+00:00" hostname="agent-env-4d9b1fb0-d061-4117-b9cd-dd63735d3996"><testcase classname="backend.tests.test_brighterdayz_api.TestAuth" name="test_login_demo" time="0.428" /><testcase classname="backend.tests.test_brighterdayz_api.TestAuth" name="test_login_wrong_password" time="0.327" /><testcase classname="backend.tests.test_brighterdayz_api.TestAuth" name="test_me_requires_auth" time="0.105" /><testcase classname="backend.tests.test_brighterdayz_api.TestAuth" name="test_register_then_me" time="0.413" /><testcase classname="backend.tests.test_brighterdayz_api.TestAuth" name="test_register_duplicate" time="0.103" /><testcase classname="backend.tests.test_brighterdayz_api.TestDaily" name="test_daily_public" time="0.105" /><testcase classname="backend.tests.test_brighterdayz_api.TestChildren" name="test_create_and_list" time="0.119" /><testcase classname="backend.tests.test_brighterdayz_api.TestChildren" name="test_get_child" time="0.072" /><testcase classname="backend.tests.test_brighterdayz_api.TestChildren" name="test_other_parent_cannot_access" time="0.382" /><testcase classname="backend.tests.test_brighterdayz_api.TestMoods" name="test_log_mood_awards_stars" time="0.108" /><testcase classname="backend.tests.test_brighterdayz_api.TestMoods" name="test_list_moods" time="0.105" /><testcase classname="backend.tests.test_brighterdayz_api.TestActivities" name="test_log_activity" time="0.056" /><testcase classname="backend.tests.test_brighterdayz_api.TestActivities" name="test_list_activities" time="0.062" /><testcase classname="backend.tests.test_brighterdayz_api.TestActivities" name="test_rewards" time="0.043" /><testcase classname="backend.tests.test_brighterdayz_api.TestAffirmation" name="test_generate" time="1.492" /><testcase classname="backend.tests.test_brighterdayz_api.TestStory" name="test_generate_biblical_and_save" time="7.532" /><testcase classname="backend.tests.test_brighterdayz_api.TestChat" name="test_chat_stream_and_history" time="3.194" /><testcase classname="backend.tests.test_brighterdayz_api.TestTTS" name="test_tts_basic" time="2.694" /><testcase classname="backend.tests.test_brighterdayz_api.TestTTS" name="test_tts_empty_text" time="0.057" /><testcase classname="backend.tests.test_brighterdayz_api.TestParentOverview" name="test_overview" time="0.058" /><testcase classname="backend.tests.test_brighterdayz_api.TestAuthorization" name="test_unauth_endpoints" time="0.282" /><testcase classname="backend.tests.test_brighterdayz_api.TestAuthorization" name="test_cannot_post_mood_for_other_parent_child" time="0.105" /></testsuite></testsuites>